[cdn1.synapsecdn.to/fzop82315t.html]
[backblue.gif]
[fade.gif]
[index.html]
[cdn1.synapsecdn.to/assets/css/success.min.css]
[cdn1.synapsecdn.to/assets/css/vendor/fontawesome/css/all.min.css]
[cdn1.synapsecdn.to/rel/4-28-21.zip]
[cdn1.synapsecdn.to/fzop82315t.html]
[cdn1.synapsecdn.to/assets/js/sodium.js]
[cdn1.synapsecdn.to/assets/img/bggrad.png]
[cdn1.synapsecdn.to/assets/css/success.min.css]
[cdn1.synapsecdn.to/assets/css/vendor/fontawesome/webfonts/fa-brands-400.eot]
[cdn1.synapsecdn.to/assets/css/vendor/fontawesome/webfonts/fa-brands-400.woff2]
[cdn1.synapsecdn.to/assets/css/vendor/fontawesome/webfonts/fa-brands-400d41d.eot]
[cdn1.synapsecdn.to/assets/css/vendor/fontawesome/webfonts/fa-brands-400.woff]
[cdn1.synapsecdn.to/assets/css/vendor/fontawesome/webfonts/fa-brands-400.ttf]
[cdn1.synapsecdn.to/assets/css/vendor/fontawesome/webfonts/fa-brands-400.svg]
[cdn1.synapsecdn.to/assets/css/vendor/fontawesome/webfonts/fa-regular-400.eot]
[cdn1.synapsecdn.to/assets/css/vendor/fontawesome/webfonts/fa-regular-400d41d.eot]
[cdn1.synapsecdn.to/assets/css/vendor/fontawesome/webfonts/fa-regular-400.woff2]
[cdn1.synapsecdn.to/assets/css/vendor/fontawesome/webfonts/fa-regular-400.woff]
[cdn1.synapsecdn.to/assets/css/vendor/fontawesome/webfonts/fa-regular-400.ttf]
[cdn1.synapsecdn.to/assets/css/vendor/fontawesome/webfonts/fa-regular-400.svg]
[cdn1.synapsecdn.to/assets/css/vendor/fontawesome/webfonts/fa-solid-900.eot]
[cdn1.synapsecdn.to/assets/css/vendor/fontawesome/webfonts/fa-solid-900d41d.eot]
[cdn1.synapsecdn.to/assets/css/vendor/fontawesome/webfonts/fa-solid-900.woff2]
[cdn1.synapsecdn.to/assets/css/vendor/fontawesome/webfonts/fa-solid-900.woff]
[cdn1.synapsecdn.to/assets/css/vendor/fontawesome/webfonts/fa-solid-900.ttf]
[cdn1.synapsecdn.to/assets/css/vendor/fontawesome/css/all.min.css]
[cdn1.synapsecdn.to/assets/css/vendor/fontawesome/webfonts/fa-brands-400.svg]
[cdn1.synapsecdn.to/assets/css/vendor/fontawesome/webfonts/fa-regular-400.svg]
[cdn1.synapsecdn.to/assets/css/vendor/fontawesome/webfonts/fa-solid-900.svg]
[cdn1.synapsecdn.to/assets/css/vendor/fontawesome/webfonts/fa-solid-900.svg]
